d:\科研\high_dim128\debug\learniing6.bsc
d:\科研\high_dim128\debug\learniing6.pch
d:\科研\high_dim128\debug\vc120.pdb
d:\科研\high_dim128\debug\vc120.idb
d:\科研\high_dim128\debug\stdafx.sbr
d:\科研\high_dim128\debug\stdafx.obj
d:\科研\high_dim128\debug\tablename.sbr
d:\科研\high_dim128\debug\mainfrm.sbr
d:\科研\high_dim128\debug\learniing6view.sbr
d:\科研\high_dim128\debug\learniing6doc.sbr
d:\科研\high_dim128\debug\learniing6.sbr
d:\科研\high_dim128\debug\learniing6.obj
d:\科研\high_dim128\debug\learniing6doc.obj
d:\科研\high_dim128\debug\learniing6view.obj
d:\科研\high_dim128\debug\mainfrm.obj
d:\科研\high_dim128\debug\tablename.obj
d:\科研\high_dim128\debug\learniing6.res
d:\科研\high_dim128\debug\learniing6.pdb
d:\科研\high_dim128\.\debug\learniing6.exe
d:\科研\high_dim128\debug\learniing6.tlog\bscmake.command.1.tlog
d:\科研\high_dim128\debug\learniing6.tlog\bscmake.read.1.tlog
d:\科研\high_dim128\debug\learniing6.tlog\bscmake.write.1.tlog
d:\科研\high_dim128\debug\learniing6.tlog\cl.command.1.tlog
d:\科研\high_dim128\debug\learniing6.tlog\cl.read.1.tlog
d:\科研\high_dim128\debug\learniing6.tlog\cl.write.1.tlog
d:\科研\high_dim128\debug\learniing6.tlog\link.command.1.tlog
d:\科研\high_dim128\debug\learniing6.tlog\link.read.1.tlog
d:\科研\high_dim128\debug\learniing6.tlog\link.write.1.tlog
d:\科研\high_dim128\debug\learniing6.tlog\rc.command.1.tlog
d:\科研\high_dim128\debug\learniing6.tlog\rc.read.1.tlog
d:\科研\high_dim128\debug\learniing6.tlog\rc.write.1.tlog
